<?xml version="1.0" encoding="UTF-8"?>
<!-- Generated by org.testng.reporters.JUnitReportReporter -->
<testsuite hostname="LAPTOP-KSJRV5UL" failures="0" tests="2" name="org.timbuk2.TestCompopnents.Timbuk2ErrorValidation" time="38.399" errors="0" timestamp="2023-11-24T14:43:40 IST" skipped="0">
  <testcase classname="org.timbuk2.TestCompopnents.Timbuk2ErrorValidation" name="discountCodeValidation" time="11.511"/>
  <testcase classname="org.timbuk2.TestCompopnents.Timbuk2ErrorValidation" name="secureCheckOutValidation" time="26.888"/>
</testsuite> <!-- org.timbuk2.TestCompopnents.Timbuk2ErrorValidation -->
