<?xml version="1.0" encoding="UTF-8"?>
<!-- Generated by org.testng.reporters.JUnitReportReporter -->
<testsuite hostname="LAPTOP-KSJRV5UL" failures="0" tests="2" name="org.timbuk2.TestCompopnents.Timbuk2ErrorValidationTest" time="34.069" errors="0" timestamp="2024-02-26T14:55:49 IST" skipped="0">
  <testcase classname="org.timbuk2.TestCompopnents.Timbuk2ErrorValidationTest" name="discountCodeValidation" time="8.325"/>
  <system-out/>
  <testcase classname="org.timbuk2.TestCompopnents.Timbuk2ErrorValidationTest" name="secureCheckOutValidation" time="25.744"/>
  <system-out/>
</testsuite> <!-- org.timbuk2.TestCompopnents.Timbuk2ErrorValidationTest -->
