<?xml version="1.0" encoding="UTF-8"?>
<!-- Generated by org.testng.reporters.JUnitReportReporter -->
<testsuite hostname="LAPTOP-KSJRV5UL" failures="0" tests="3" name="org.timbuk2.TestCompopnents.Timbuk2FooterPageTest" time="103.104" errors="0" timestamp="2024-02-20T18:11:47 IST" skipped="0">
  <testcase classname="org.timbuk2.TestCompopnents.Timbuk2FooterPageTest" name="minicartValidations" time="33.906"/>
  <system-out/>
  <testcase classname="org.timbuk2.TestCompopnents.Timbuk2FooterPageTest" name="footerLinksValidation" time="12.066"/>
  <system-out/>
  <testcase classname="org.timbuk2.TestCompopnents.Timbuk2FooterPageTest" name="cartPageValidations" time="57.132"/>
  <system-out/>
</testsuite> <!-- org.timbuk2.TestCompopnents.Timbuk2FooterPageTest -->
