<?xml version="1.0" encoding="UTF-8"?>
<!-- Generated by org.testng.reporters.JUnitReportReporter -->
<testsuite hostname="LAPTOP-KSJRV5UL" failures="0" tests="1" name="org.timbuk2.TestCompopnents.Timbuk2CheckOutFlowTest" time="39.359" errors="0" timestamp="2024-02-20T18:11:47 IST" skipped="0">
  <testcase classname="org.timbuk2.TestCompopnents.Timbuk2CheckOutFlowTest" name="productTextValidation" time="39.359"/>
  <system-out/>
</testsuite> <!-- org.timbuk2.TestCompopnents.Timbuk2CheckOutFlowTest -->
