<?xml version="1.0" encoding="UTF-8"?>
<!-- Generated by org.testng.reporters.JUnitReportReporter -->
<testsuite hostname="LAPTOP-KSJRV5UL" failures="0" tests="3" name="org.timbuk2.TestCompopnents.Timbuk2FooterPageTest" time="111.915" errors="0" timestamp="2024-02-20T11:27:44 IST" skipped="0">
  <testcase classname="org.timbuk2.TestCompopnents.Timbuk2FooterPageTest" name="footerLinksValidation" time="11.190"/>
  <system-out/>
  <testcase classname="org.timbuk2.TestCompopnents.Timbuk2FooterPageTest" name="cartPageValidations" time="66.735"/>
  <system-out/>
  <testcase classname="org.timbuk2.TestCompopnents.Timbuk2FooterPageTest" name="minicartValidations" time="33.990"/>
  <system-out/>
</testsuite> <!-- org.timbuk2.TestCompopnents.Timbuk2FooterPageTest -->
