<?xml version="1.0" encoding="UTF-8"?>
<!-- Generated by org.testng.reporters.JUnitReportReporter -->
<testsuite hostname="LAPTOP-KSJRV5UL" failures="0" tests="3" name="org.timbuk2.TestCompopnents.Timbuk2FooterPageTest" time="131.185" errors="0" timestamp="2024-02-01T11:13:42 IST" skipped="0">
  <testcase classname="org.timbuk2.TestCompopnents.Timbuk2FooterPageTest" name="cartPageValidations" time="74.337"/>
  <system-out/>
  <testcase classname="org.timbuk2.TestCompopnents.Timbuk2FooterPageTest" name="minicartValidations" time="43.257"/>
  <system-out/>
  <testcase classname="org.timbuk2.TestCompopnents.Timbuk2FooterPageTest" name="footerLinksValidation" time="13.591"/>
  <system-out/>
</testsuite> <!-- org.timbuk2.TestCompopnents.Timbuk2FooterPageTest -->
