<?xml version="1.0" encoding="UTF-8"?>
<!-- Generated by org.testng.reporters.JUnitReportReporter -->
<testsuite hostname="LAPTOP-KSJRV5UL" failures="0" tests="2" name="org.timbuk2.TestCompopnents.Timbuk2CheckOutFlowTest" time="84.171" errors="0" timestamp="2024-02-01T11:19:05 IST" skipped="0">
  <testcase classname="org.timbuk2.TestCompopnents.Timbuk2CheckOutFlowTest" name="checkOutFlow" time="57.150"/>
  <system-out/>
  <testcase classname="org.timbuk2.TestCompopnents.Timbuk2CheckOutFlowTest" name="productTextValidation" time="27.021"/>
  <system-out/>
</testsuite> <!-- org.timbuk2.TestCompopnents.Timbuk2CheckOutFlowTest -->
