<?xml version="1.0" encoding="UTF-8"?>
<!-- Generated by org.testng.reporters.JUnitReportReporter -->
<testsuite hostname="LAPTOP-KSJRV5UL" failures="0" tests="3" name="org.timbuk2.TestCompopnents.Timbuk2FooterPageTest" time="101.467" errors="0" timestamp="2024-02-01T11:19:05 IST" skipped="0">
  <testcase classname="org.timbuk2.TestCompopnents.Timbuk2FooterPageTest" name="cartPageValidations" time="47.824"/>
  <system-out/>
  <testcase classname="org.timbuk2.TestCompopnents.Timbuk2FooterPageTest" name="footerLinksValidation" time="14.587"/>
  <system-out/>
  <testcase classname="org.timbuk2.TestCompopnents.Timbuk2FooterPageTest" name="minicartValidations" time="39.056"/>
  <system-out/>
</testsuite> <!-- org.timbuk2.TestCompopnents.Timbuk2FooterPageTest -->
