<?xml version="1.0" encoding="UTF-8"?>
<!-- Generated by org.testng.reporters.JUnitReportReporter -->
<testsuite hostname="LAPTOP-KSJRV5UL" failures="0" tests="2" name="org.timbuk2.TestCompopnents.Timbuk2ErrorValidationTest" time="37.644" errors="0" timestamp="2024-02-01T11:19:05 IST" skipped="0">
  <testcase classname="org.timbuk2.TestCompopnents.Timbuk2ErrorValidationTest" name="secureCheckOutValidation" time="26.883"/>
  <system-out/>
  <testcase classname="org.timbuk2.TestCompopnents.Timbuk2ErrorValidationTest" name="discountCodeValidation" time="10.761"/>
  <system-out/>
</testsuite> <!-- org.timbuk2.TestCompopnents.Timbuk2ErrorValidationTest -->
